TN:
SF:next.config.mjs
FN:1,(empty-report)
FNF:1
FNH:0
FNDA:0,(empty-report)
DA:1,0
DA:2,0
DA:3,0
LF:3
LH:0
BRDA:1,0,0,0
BRF:1
BRH:0
end_of_record
TN:
SF:postcss.config.mjs
FN:1,(empty-report)
FNF:1
FNH:0
FNDA:0,(empty-report)
DA:1,0
DA:2,0
DA:3,0
DA:4,0
DA:5,0
DA:6,0
DA:7,0
DA:8,0
LF:8
LH:0
BRDA:1,0,0,0
BRF:1
BRH:0
end_of_record
TN:
SF:tailwind.config.js
FN:1,(empty-report)
FNF:1
FNH:0
FNDA:0,(empty-report)
DA:1,0
DA:2,0
DA:3,0
DA:4,0
DA:5,0
DA:6,0
DA:7,0
DA:8,0
DA:9,0
DA:10,0
DA:11,0
DA:12,0
DA:13,0
DA:14,0
DA:15,0
DA:16,0
DA:17,0
DA:18,0
DA:19,0
DA:20,0
DA:21,0
DA:22,0
DA:23,0
DA:24,0
LF:24
LH:0
BRDA:1,0,0,0
BRF:1
BRH:0
end_of_record
TN:
SF:app\error.jsx
FN:1,(empty-report)
FNF:1
FNH:0
FNDA:0,(empty-report)
DA:1,0
DA:2,0
DA:3,0
DA:4,0
DA:5,0
DA:6,0
DA:7,0
DA:8,0
DA:9,0
DA:10,0
DA:11,0
DA:12,0
DA:13,0
DA:14,0
DA:15,0
DA:16,0
DA:17,0
DA:18,0
DA:19,0
DA:20,0
DA:21,0
DA:22,0
DA:23,0
DA:24,0
DA:25,0
DA:26,0
DA:27,0
DA:28,0
DA:29,0
LF:29
LH:0
BRDA:1,0,0,0
BRF:1
BRH:0
end_of_record
TN:
SF:app\layout.jsx
FN:1,(empty-report)
FNF:1
FNH:0
FNDA:0,(empty-report)
DA:1,0
DA:2,0
DA:3,0
DA:4,0
DA:5,0
DA:6,0
DA:7,0
DA:8,0
DA:9,0
DA:10,0
DA:11,0
DA:12,0
DA:13,0
DA:14,0
DA:15,0
DA:16,0
DA:17,0
LF:17
LH:0
BRDA:1,0,0,0
BRF:1
BRH:0
end_of_record
TN:
SF:app\loading.jsx
FN:1,(empty-report)
FNF:1
FNH:0
FNDA:0,(empty-report)
DA:1,0
DA:2,0
DA:3,0
DA:4,0
DA:5,0
DA:6,0
DA:7,0
DA:8,0
DA:9,0
DA:10,0
DA:11,0
DA:12,0
LF:12
LH:0
BRDA:1,0,0,0
BRF:1
BRH:0
end_of_record
TN:
SF:app\page.jsx
FN:16,DashboardPage
FN:48,submitCoachCommand
FN:252,onChange
FNF:3
FNH:1
FNDA:2,DashboardPage
FNDA:0,submitCoachCommand
FNDA:0,onChange
DA:1,1
DA:2,1
DA:3,1
DA:4,1
DA:5,1
DA:6,1
DA:7,1
DA:8,1
DA:9,1
DA:10,1
DA:11,1
DA:12,1
DA:13,1
DA:14,1
DA:15,1
DA:16,2
DA:17,2
DA:18,2
DA:19,2
DA:20,2
DA:21,2
DA:22,2
DA:23,2
DA:24,2
DA:25,1
DA:26,1
DA:27,1
DA:28,2
DA:29,2
DA:30,2
DA:31,2
DA:32,2
DA:33,2
DA:34,2
DA:35,2
DA:36,2
DA:37,2
DA:38,2
DA:39,2
DA:40,2
DA:41,2
DA:42,2
DA:43,2
DA:44,2
DA:45,2
DA:46,2
DA:47,2
DA:48,2
DA:49,0
DA:50,0
DA:51,0
DA:52,0
DA:53,0
DA:54,0
DA:55,0
DA:56,0
DA:57,0
DA:58,0
DA:59,0
DA:60,2
DA:61,2
DA:62,1
DA:63,1
DA:64,1
DA:65,1
DA:66,1
DA:67,1
DA:68,1
DA:69,1
DA:70,1
DA:71,1
DA:72,1
DA:73,1
DA:74,1
DA:75,1
DA:76,1
DA:77,1
DA:78,1
DA:79,1
DA:80,1
DA:81,1
DA:82,1
DA:83,1
DA:84,1
DA:85,1
DA:86,1
DA:87,1
DA:88,1
DA:89,1
DA:90,1
DA:91,1
DA:92,1
DA:93,1
DA:94,1
DA:95,1
DA:96,1
DA:97,1
DA:98,1
DA:99,1
DA:100,1
DA:101,0
DA:102,0
DA:103,0
DA:104,1
DA:105,1
DA:106,1
DA:107,1
DA:108,1
DA:109,1
DA:110,1
DA:111,1
DA:112,1
DA:113,1
DA:114,1
DA:115,1
DA:116,1
DA:117,1
DA:118,1
DA:119,1
DA:120,1
DA:121,1
DA:122,1
DA:123,1
DA:124,1
DA:125,1
DA:126,1
DA:127,1
DA:128,1
DA:129,1
DA:130,1
DA:131,1
DA:132,1
DA:133,1
DA:134,1
DA:135,5
DA:136,5
DA:137,5
DA:138,1
DA:139,1
DA:140,1
DA:141,1
DA:142,1
DA:143,1
DA:144,1
DA:145,1
DA:146,1
DA:147,1
DA:148,1
DA:149,1
DA:150,1
DA:151,1
DA:152,1
DA:153,1
DA:154,1
DA:155,1
DA:156,1
DA:157,1
DA:158,1
DA:159,1
DA:160,1
DA:161,1
DA:162,0
DA:163,0
DA:164,1
DA:165,1
DA:166,1
DA:167,1
DA:168,1
DA:169,1
DA:170,1
DA:171,1
DA:172,1
DA:173,1
DA:174,1
DA:175,1
DA:176,1
DA:177,1
DA:178,1
DA:179,1
DA:180,1
DA:181,1
DA:182,1
DA:183,1
DA:184,1
DA:185,1
DA:186,1
DA:187,1
DA:188,1
DA:189,1
DA:190,2
DA:191,2
DA:192,2
DA:193,1
DA:194,1
DA:195,1
DA:196,1
DA:197,1
DA:198,1
DA:199,1
DA:200,3
DA:201,3
DA:202,3
DA:203,1
DA:204,1
DA:205,1
DA:206,1
DA:207,1
DA:208,1
DA:209,1
DA:210,1
DA:211,1
DA:212,1
DA:213,6
DA:214,6
DA:215,6
DA:216,1
DA:217,1
DA:218,1
DA:219,1
DA:220,1
DA:221,1
DA:222,1
DA:223,3
DA:224,1
DA:225,1
DA:226,1
DA:227,1
DA:228,1
DA:229,1
DA:230,0
DA:231,0
DA:232,0
DA:233,0
DA:234,0
DA:235,0
DA:236,0
DA:237,0
DA:238,0
DA:239,1
DA:240,1
DA:241,1
DA:242,1
DA:243,1
DA:244,1
DA:245,1
DA:246,1
DA:247,1
DA:248,1
DA:249,1
DA:250,1
DA:251,1
DA:252,1
DA:253,1
DA:254,1
DA:255,1
DA:256,1
DA:257,1
DA:258,1
DA:259,1
DA:260,1
DA:261,1
DA:262,1
DA:263,1
DA:264,1
DA:265,1
DA:266,1
DA:267,1
DA:268,0
DA:269,0
DA:270,0
DA:271,0
DA:272,0
DA:273,0
DA:274,0
DA:275,0
DA:276,0
DA:277,0
DA:278,0
DA:279,0
DA:280,0
DA:281,0
DA:282,0
DA:283,1
DA:284,1
DA:285,1
DA:286,1
DA:287,1
DA:288,1
DA:289,1
DA:290,1
DA:291,1
DA:292,3
DA:293,3
DA:294,3
DA:295,3
DA:296,3
DA:297,3
DA:298,6
DA:299,6
DA:300,6
DA:301,3
DA:302,3
DA:303,3
DA:304,1
DA:305,1
DA:306,1
DA:307,1
DA:308,1
DA:309,1
DA:310,1
DA:311,3
DA:312,3
DA:313,3
DA:314,1
DA:315,1
DA:316,1
DA:317,1
DA:318,1
DA:319,1
DA:320,2
DA:321,2
DA:322,2
DA:323,2
LF:323
LH:283
BRDA:16,0,0,2
BRDA:37,1,0,1
BRDA:38,2,0,1
BRDA:45,3,0,0
BRDA:45,4,0,1
BRDA:45,5,0,1
BRDA:46,6,0,0
BRDA:46,7,0,1
BRDA:46,8,0,1
BRDA:61,9,0,1
BRDA:100,10,0,0
BRDA:103,11,0,1
BRDA:116,12,0,0
BRDA:123,13,0,0
BRDA:161,14,0,0
BRDA:229,15,0,0
BRDA:229,16,0,0
BRDA:263,17,0,0
BRDA:267,18,0,0
BRDA:24,19,0,1
BRDA:30,20,0,2
BRDA:31,21,0,2
BRDA:32,22,0,2
BRDA:34,23,0,2
BRDA:40,24,0,2
BRDA:134,25,0,5
BRDA:189,26,0,2
BRDA:199,27,0,3
BRDA:212,28,0,6
BRDA:222,29,0,3
BRDA:291,30,0,3
BRDA:297,31,0,6
BRDA:310,32,0,3
BRF:33
BRH:23
end_of_record
TN:
SF:app\api\analyze\route.js
FN:5,POST
FNF:1
FNH:1
FNDA:2,POST
DA:1,1
DA:2,1
DA:3,1
DA:4,1
DA:5,1
DA:6,2
DA:7,2
DA:8,2
DA:9,2
DA:10,2
DA:11,0
DA:12,0
DA:13,0
DA:14,0
DA:15,0
DA:16,0
DA:17,0
DA:18,0
DA:19,1
DA:20,1
DA:21,1
DA:22,1
DA:23,0
DA:24,0
DA:25,0
DA:26,0
DA:27,0
DA:28,0
DA:29,0
DA:30,0
DA:31,0
DA:32,0
DA:33,0
DA:34,0
DA:35,0
DA:36,0
DA:37,0
DA:38,0
DA:39,0
DA:40,0
DA:41,0
DA:42,0
DA:43,0
DA:44,0
DA:45,0
DA:46,0
DA:47,0
DA:48,0
DA:49,0
DA:50,0
DA:51,0
DA:52,0
DA:53,0
DA:54,0
DA:55,0
DA:56,0
DA:57,0
DA:58,0
DA:59,0
DA:60,2
DA:61,2
DA:62,2
DA:63,2
DA:64,2
DA:65,2
DA:66,2
DA:67,2
DA:68,2
DA:69,2
DA:70,2
DA:71,1
DA:72,1
DA:73,1
DA:74,1
DA:75,1
DA:76,1
DA:77,1
DA:78,1
DA:79,1
DA:80,1
DA:81,1
DA:82,1
DA:83,1
DA:84,1
DA:85,2
LF:85
LH:40
BRDA:5,0,0,2
BRDA:7,1,0,1
BRDA:10,2,0,0
BRDA:18,3,0,1
BRDA:22,4,0,0
BRDA:61,5,0,0
BRDA:63,6,0,0
BRDA:64,7,0,0
BRDA:65,8,0,0
BRDA:65,9,0,0
BRDA:67,10,0,0
BRDA:68,11,0,0
BRDA:70,12,0,1
BRF:13
BRH:4
end_of_record
TN:
SF:app\check-in\page.jsx
FN:19,CheckInPage
FN:25,updateField
FN:32,submitCheckIn
FN:104,onChange
FN:115,onChange
FN:126,onChange
FNF:6
FNH:4
FNDA:33,CheckInPage
FNDA:30,updateField
FNDA:1,submitCheckIn
FNDA:0,onChange
FNDA:30,onChange
FNDA:0,onChange
DA:1,1
DA:2,1
DA:3,1
DA:4,1
DA:5,1
DA:6,1
DA:7,1
DA:8,1
DA:9,1
DA:10,1
DA:11,1
DA:12,1
DA:13,1
DA:14,1
DA:15,1
DA:16,1
DA:17,1
DA:18,1
DA:19,33
DA:20,33
DA:21,33
DA:22,33
DA:23,33
DA:24,33
DA:25,33
DA:26,30
DA:27,30
DA:28,30
DA:29,30
DA:30,30
DA:31,33
DA:32,33
DA:33,1
DA:34,1
DA:35,1
DA:36,1
DA:37,1
DA:38,1
DA:39,1
DA:40,1
DA:41,1
DA:42,1
DA:43,1
DA:44,1
DA:45,1
DA:46,1
DA:47,1
DA:48,1
DA:49,1
DA:50,1
DA:51,1
DA:52,1
DA:53,1
DA:54,1
DA:55,1
DA:56,1
DA:57,1
DA:58,1
DA:59,1
DA:60,1
DA:61,1
DA:62,1
DA:63,1
DA:64,1
DA:65,0
DA:66,1
DA:67,1
DA:68,1
DA:69,1
DA:70,33
DA:71,33
DA:72,33
DA:73,33
DA:74,33
DA:75,33
DA:76,33
DA:77,33
DA:78,33
DA:79,33
DA:80,33
DA:81,33
DA:82,33
DA:83,0
DA:84,0
DA:85,0
DA:86,33
DA:87,33
DA:88,33
DA:89,33
DA:90,198
DA:91,198
DA:92,198
DA:93,198
DA:94,198
DA:95,198
DA:96,198
DA:97,198
DA:98,198
DA:99,198
DA:100,198
DA:101,198
DA:102,198
DA:103,198
DA:104,198
DA:105,198
DA:106,198
DA:107,33
DA:108,33
DA:109,33
DA:110,33
DA:111,33
DA:112,33
DA:113,33
DA:114,33
DA:115,33
DA:116,33
DA:117,33
DA:118,33
DA:119,33
DA:120,33
DA:121,33
DA:122,33
DA:123,33
DA:124,33
DA:125,33
DA:126,33
DA:127,33
DA:128,33
DA:129,33
DA:130,33
DA:131,33
DA:132,33
DA:133,33
DA:134,33
DA:135,33
DA:136,1
DA:137,32
DA:138,32
DA:139,33
DA:140,33
DA:141,33
DA:142,33
DA:143,33
DA:144,33
DA:145,33
LF:145
LH:141
BRDA:19,0,0,33
BRDA:82,1,0,0
BRDA:135,2,0,1
BRDA:136,3,0,32
BRDA:140,4,0,1
BRDA:140,5,0,32
BRDA:25,6,0,30
BRDA:26,7,0,30
BRDA:32,8,0,1
BRDA:64,9,0,0
BRDA:89,10,0,198
BRDA:102,11,0,132
BRDA:115,12,0,30
BRF:13
BRH:11
end_of_record
TN:
SF:app\panic\page.jsx
FN:10,PanicPage
FN:16,activateGrounding
FN:87,PlanCard
FNF:3
FNH:3
FNDA:3,PanicPage
FNDA:1,activateGrounding
FNDA:9,PlanCard
DA:1,1
DA:2,1
DA:3,1
DA:4,1
DA:5,1
DA:6,1
DA:7,1
DA:8,1
DA:9,1
DA:10,3
DA:11,3
DA:12,3
DA:13,3
DA:14,3
DA:15,3
DA:16,3
DA:17,1
DA:18,1
DA:19,1
DA:20,3
DA:21,3
DA:22,3
DA:23,3
DA:24,3
DA:25,3
DA:26,3
DA:27,3
DA:28,3
DA:29,3
DA:30,3
DA:31,3
DA:32,3
DA:33,3
DA:34,3
DA:35,3
DA:36,3
DA:37,3
DA:38,3
DA:39,3
DA:40,3
DA:41,3
DA:42,3
DA:43,3
DA:44,3
DA:45,3
DA:46,3
DA:47,3
DA:48,3
DA:49,3
DA:50,3
DA:51,3
DA:52,1
DA:53,2
DA:54,2
DA:55,3
DA:56,3
DA:57,3
DA:58,3
DA:59,3
DA:60,3
DA:61,3
DA:62,3
DA:63,3
DA:64,3
DA:65,3
DA:66,3
DA:67,3
DA:68,3
DA:69,3
DA:70,3
DA:71,3
DA:72,3
DA:73,3
DA:74,3
DA:75,3
DA:76,3
DA:77,3
DA:78,3
DA:79,3
DA:80,3
DA:81,3
DA:82,3
DA:83,3
DA:84,3
DA:85,3
DA:86,1
DA:87,9
DA:88,9
DA:89,9
DA:90,9
DA:91,9
DA:92,9
DA:93,9
DA:94,9
DA:95,9
DA:96,9
DA:97,9
DA:98,9
DA:99,36
DA:100,36
DA:101,36
DA:102,36
DA:103,36
DA:104,36
DA:105,9
DA:106,9
DA:107,9
DA:108,9
DA:109,9
LF:109
LH:109
BRDA:10,0,0,3
BRDA:51,1,0,1
BRDA:52,2,0,2
BRDA:56,3,0,1
BRDA:56,4,0,2
BRDA:12,5,0,1
BRDA:13,6,0,1
BRDA:14,7,0,1
BRDA:16,8,0,1
BRDA:18,9,0,1
BRDA:87,10,0,9
BRDA:98,11,0,36
BRF:12
BRH:12
end_of_record
TN:
SF:components\AppShell.jsx
FN:13,AppShell
FNF:1
FNH:1
FNDA:1,AppShell
DA:1,1
DA:2,1
DA:3,1
DA:4,1
DA:5,1
DA:6,1
DA:7,1
DA:8,1
DA:9,1
DA:10,1
DA:11,1
DA:12,1
DA:13,1
DA:14,1
DA:15,1
DA:16,1
DA:17,1
DA:18,1
DA:19,1
DA:20,1
DA:21,1
DA:22,1
DA:23,1
DA:24,1
DA:25,1
DA:26,1
DA:27,1
DA:28,1
DA:29,1
DA:30,1
DA:31,3
DA:32,3
DA:33,3
DA:34,3
DA:35,3
DA:36,3
DA:37,3
DA:38,3
DA:39,3
DA:40,1
DA:41,2
DA:42,3
DA:43,3
DA:44,3
DA:45,3
DA:46,3
DA:47,3
DA:48,1
DA:49,1
DA:50,1
DA:51,1
DA:52,1
DA:53,1
DA:54,1
DA:55,1
LF:55
LH:55
BRDA:13,0,0,1
BRDA:30,1,0,3
BRDA:37,2,0,1
BRDA:37,3,0,2
BRDA:39,4,0,1
BRDA:40,5,0,2
BRF:6
BRH:6
end_of_record
TN:
SF:components\EmptyState.jsx
FN:4,EmptyState
FNF:1
FNH:1
FNDA:1,EmptyState
DA:1,1
DA:2,1
DA:3,1
DA:4,1
DA:5,1
DA:6,1
DA:7,1
DA:8,1
DA:9,1
DA:10,1
DA:11,1
DA:12,1
DA:13,1
DA:14,1
DA:15,1
DA:16,1
DA:17,1
DA:18,1
DA:19,1
DA:20,1
DA:21,1
DA:22,1
LF:22
LH:22
BRDA:4,0,0,1
BRF:1
BRH:1
end_of_record
TN:
SF:components\MetricCard.jsx
FN:1,MetricCard
FNF:1
FNH:1
FNDA:4,MetricCard
DA:1,1
DA:2,4
DA:3,4
DA:4,4
DA:5,4
DA:6,4
DA:7,4
DA:8,4
DA:9,4
DA:10,4
DA:11,4
DA:12,4
DA:13,4
DA:14,4
DA:15,4
DA:16,4
LF:16
LH:16
BRDA:1,0,0,4
BRDA:13,1,0,0
BRF:2
BRH:1
end_of_record
TN:
SF:components\TrendCharts.jsx
FN:16,TrendCharts
FNF:1
FNH:1
FNDA:2,TrendCharts
DA:1,1
DA:2,1
DA:3,1
DA:4,1
DA:5,1
DA:6,1
DA:7,1
DA:8,1
DA:9,1
DA:10,1
DA:11,1
DA:12,1
DA:13,1
DA:14,1
DA:15,1
DA:16,1
DA:17,2
DA:18,2
DA:19,2
DA:20,2
DA:21,7
DA:22,7
DA:23,7
DA:24,7
DA:25,7
DA:26,7
DA:27,7
DA:28,7
DA:29,7
DA:30,7
DA:31,2
DA:32,2
DA:33,2
DA:34,0
DA:35,0
DA:36,2
DA:37,2
DA:38,2
DA:39,2
DA:40,2
DA:41,2
DA:42,2
DA:43,2
DA:44,2
DA:45,2
DA:46,2
DA:47,2
DA:48,2
DA:49,2
DA:50,2
DA:51,2
DA:52,2
DA:53,2
DA:54,2
DA:55,2
DA:56,2
DA:57,2
DA:58,2
DA:59,2
DA:60,2
DA:61,2
DA:62,2
DA:63,2
DA:64,2
DA:65,2
DA:66,2
DA:67,2
DA:68,2
DA:69,2
DA:70,2
DA:71,2
DA:72,2
DA:73,2
DA:74,2
LF:74
LH:72
BRDA:16,0,0,2
BRDA:33,1,0,0
BRDA:19,2,0,5
BRDA:20,3,0,7
BRF:4
BRH:3
end_of_record
TN:
SF:lib\burnoutEngine.js
FN:1,calculateBurnoutRisk
FN:12,average
FNF:2
FNH:2
FNDA:14,calculateBurnoutRisk
FNDA:54,average
DA:1,1
DA:2,14
DA:3,5
DA:4,5
DA:5,5
DA:6,5
DA:7,5
DA:8,5
DA:9,9
DA:10,9
DA:11,9
DA:12,9
DA:13,9
DA:14,9
DA:15,9
DA:16,9
DA:17,9
DA:18,9
DA:19,9
DA:20,9
DA:21,9
DA:22,9
DA:23,9
DA:24,9
DA:25,14
DA:26,4
DA:27,4
DA:28,13
DA:29,4
DA:30,4
DA:31,4
DA:32,9
DA:33,13
DA:34,4
DA:35,4
DA:36,13
DA:37,3
DA:38,3
DA:39,3
DA:40,9
DA:41,13
DA:42,0
DA:43,0
DA:44,13
DA:45,4
DA:46,4
DA:47,4
DA:48,9
DA:49,13
DA:50,2
DA:51,2
DA:52,13
DA:53,4
DA:54,4
DA:55,4
DA:56,9
DA:57,13
DA:58,2
DA:59,2
DA:60,13
DA:61,4
DA:62,4
DA:63,4
DA:64,9
DA:65,13
DA:66,2
DA:67,2
DA:68,13
DA:69,6
DA:70,6
DA:71,6
DA:72,9
DA:73,14
DA:74,3
DA:75,3
DA:76,3
DA:77,3
DA:78,3
DA:79,3
DA:80,3
DA:81,3
DA:82,9
DA:83,9
DA:84,9
DA:85,9
DA:86,12
DA:87,4
DA:88,13
DA:89,2
DA:90,5
DA:91,2
DA:92,2
DA:93,9
DA:94,9
DA:95,9
DA:96,9
DA:97,14
DA:98,14
DA:99,14
LF:99
LH:97
BRDA:1,0,0,14
BRDA:2,1,0,13
BRDA:2,2,0,12
BRDA:2,3,0,5
BRDA:8,4,0,9
BRDA:25,5,0,13
BRDA:25,6,0,4
BRDA:28,7,0,11
BRDA:28,8,0,5
BRDA:28,9,0,4
BRDA:31,10,0,9
BRDA:33,11,0,4
BRDA:36,12,0,11
BRDA:36,13,0,5
BRDA:36,14,0,3
BRDA:39,15,0,9
BRDA:41,16,0,0
BRDA:44,17,0,9
BRDA:44,18,0,4
BRDA:49,19,0,2
BRDA:52,20,0,10
BRDA:52,21,0,7
BRDA:52,22,0,4
BRDA:55,23,0,9
BRDA:57,24,0,2
BRDA:60,25,0,10
BRDA:60,26,0,7
BRDA:60,27,0,4
BRDA:63,28,0,9
BRDA:65,29,0,2
BRDA:68,30,0,10
BRDA:68,31,0,7
BRDA:68,32,0,6
BRDA:71,33,0,9
BRDA:73,34,0,13
BRDA:73,35,0,12
BRDA:73,36,0,3
BRDA:81,37,0,9
BRDA:86,38,0,4
BRDA:88,39,0,5
BRDA:88,40,0,2
BRDA:90,41,0,3
BRDA:90,42,0,2
BRDA:92,43,0,10
BRDA:92,44,0,9
BRDA:97,45,0,8
BRDA:97,46,0,1
BRDA:12,47,0,54
BRDA:13,48,0,258
BRDA:13,49,0,0
BRF:50
BRH:48
end_of_record
TN:
SF:lib\coachEngine.js
FN:14,sortEntries
FN:21,average
FN:26,trendValue
FN:34,consecutiveCount
FN:46,totalClusters
FN:62,formatPercent
FN:66,getExamPressure
FN:82,buildRiskMap
FN:108,detectPatterns
FN:166,createActionItems
FN:200,buildPlan
FN:236,buildExplanation
FN:272,generateCoachResponse
FN:339,parseCoachCommand
FNF:14
FNH:13
FNDA:87,sortEntries
FNDA:90,average
FNDA:21,trendValue
FNDA:11,consecutiveCount
FNDA:5,totalClusters
FNDA:0,formatPercent
FNDA:10,getExamPressure
FNDA:5,buildRiskMap
FNDA:5,detectPatterns
FNDA:5,createActionItems
FNDA:10,buildPlan
FNDA:5,buildExplanation
FNDA:5,generateCoachResponse
FNDA:1,parseCoachCommand
DA:1,1
DA:2,1
DA:3,1
DA:4,1
DA:5,1
DA:6,1
DA:7,1
DA:8,1
DA:9,1
DA:10,1
DA:11,1
DA:12,1
DA:13,1
DA:14,87
DA:15,87
DA:16,87
DA:17,87
DA:18,87
DA:19,87
DA:20,1
DA:21,90
DA:22,90
DA:23,49
DA:24,49
DA:25,1
DA:26,21
DA:27,21
DA:28,21
DA:29,21
DA:30,21
DA:31,0
DA:32,0
DA:33,1
DA:34,11
DA:35,11
DA:36,11
DA:37,18
DA:38,15
DA:39,18
DA:40,3
DA:41,3
DA:42,18
DA:43,11
DA:44,11
DA:45,1
DA:46,5
DA:47,5
DA:48,5
DA:49,5
DA:50,5
DA:51,9
DA:52,6
DA:53,9
DA:54,3
DA:55,3
DA:56,3
DA:57,9
DA:58,5
DA:59,5
DA:60,5
DA:61,1
DA:62,0
DA:63,0
DA:64,0
DA:65,1
DA:66,10
DA:67,10
DA:68,10
DA:69,10
DA:70,6
DA:71,6
DA:72,6
DA:73,6
DA:74,10
DA:75,6
DA:76,6
DA:77,6
DA:78,6
DA:79,6
DA:80,6
DA:81,1
DA:82,5
DA:83,5
DA:84,5
DA:85,5
DA:86,5
DA:87,5
DA:88,5
DA:89,5
DA:90,5
DA:91,5
DA:92,5
DA:93,5
DA:94,5
DA:95,5
DA:96,5
DA:97,5
DA:98,5
DA:99,5
DA:100,5
DA:101,5
DA:102,5
DA:103,5
DA:104,5
DA:105,5
DA:106,5
DA:107,1
DA:108,5
DA:109,5
DA:110,5
DA:111,5
DA:112,5
DA:113,5
DA:114,5
DA:115,5
DA:116,5
DA:117,5
DA:118,5
DA:119,5
DA:120,5
DA:121,5
DA:122,5
DA:123,5
DA:124,5
DA:125,5
DA:126,5
DA:127,5
DA:128,0
DA:129,0
DA:130,0
DA:131,0
DA:132,5
DA:133,5
DA:134,0
DA:135,0
DA:136,0
DA:137,0
DA:138,5
DA:139,5
DA:140,1
DA:141,1
DA:142,5
DA:143,5
DA:144,0
DA:145,0
DA:146,5
DA:147,5
DA:148,5
DA:149,5
DA:150,5
DA:151,5
DA:152,0
DA:153,0
DA:154,5
DA:155,5
DA:156,3
DA:157,3
DA:158,5
DA:159,5
DA:160,0
DA:161,0
DA:162,5
DA:163,5
DA:164,5
DA:165,1
DA:166,5
DA:167,5
DA:168,5
DA:169,5
DA:170,5
DA:171,5
DA:172,2
DA:173,2
DA:174,2
DA:175,2
DA:176,3
DA:177,3
DA:178,3
DA:179,3
DA:180,3
DA:181,5
DA:182,1
DA:183,1
DA:184,3
DA:185,5
DA:186,0
DA:187,0
DA:188,3
DA:189,5
DA:190,2
DA:191,2
DA:192,3
DA:193,5
DA:194,0
DA:195,0
DA:196,3
DA:197,3
DA:198,3
DA:199,1
DA:200,10
DA:201,10
DA:202,10
DA:203,10
DA:204,10
DA:205,10
DA:206,10
DA:207,10
DA:208,5
DA:209,5
DA:210,5
DA:211,5
DA:212,3
DA:213,3
DA:214,5
DA:215,4
DA:216,4
DA:217,5
DA:218,0
DA:219,0
DA:220,5
DA:221,10
DA:222,10
DA:223,5
DA:224,3
DA:225,3
DA:226,5
DA:227,5
DA:228,5
DA:229,0
DA:230,0
DA:231,5
DA:232,10
DA:233,10
DA:234,10
DA:235,1
DA:236,5
DA:237,5
DA:238,5
DA:239,5
DA:240,5
DA:241,5
DA:242,5
DA:243,5
DA:244,5
DA:245,5
DA:246,5
DA:247,5
DA:248,5
DA:249,5
DA:250,5
DA:251,5
DA:252,0
DA:253,0
DA:254,0
DA:255,0
DA:256,5
DA:257,5
DA:258,3
DA:259,3
DA:260,5
DA:261,5
DA:262,3
DA:263,3
DA:264,5
DA:265,5
DA:266,3
DA:267,3
DA:268,5
DA:269,5
DA:270,5
DA:271,1
DA:272,1
DA:273,5
DA:274,5
DA:275,5
DA:276,5
DA:277,5
DA:278,5
DA:279,5
DA:280,5
DA:281,5
DA:282,5
DA:283,5
DA:284,5
DA:285,5
DA:286,5
DA:287,5
DA:288,5
DA:289,5
DA:290,5
DA:291,5
DA:292,5
DA:293,5
DA:294,5
DA:295,5
DA:296,5
DA:297,5
DA:298,5
DA:299,5
DA:300,5
DA:301,2
DA:302,2
DA:303,2
DA:304,2
DA:305,2
DA:306,2
DA:307,2
DA:308,2
DA:309,2
DA:310,2
DA:311,5
DA:312,5
DA:313,1
DA:314,1
DA:315,5
DA:316,5
DA:317,5
DA:318,5
DA:319,5
DA:320,5
DA:321,5
DA:322,5
DA:323,5
DA:324,5
DA:325,5
DA:326,5
DA:327,5
DA:328,5
DA:329,5
DA:330,5
DA:331,5
DA:332,5
DA:333,5
DA:334,5
DA:335,5
DA:336,5
DA:337,5
DA:338,1
DA:339,1
DA:340,1
DA:341,1
DA:342,1
DA:343,1
DA:344,1
DA:345,1
DA:346,1
DA:347,1
DA:348,0
DA:349,0
DA:350,1
DA:351,1
DA:352,1
DA:353,0
DA:354,0
DA:355,0
DA:356,0
DA:357,0
DA:358,1
DA:359,0
DA:360,0
DA:361,0
DA:362,0
DA:363,0
DA:364,0
DA:365,0
DA:366,0
DA:367,1
DA:368,1
DA:369,1
DA:370,1
DA:371,1
DA:372,1
DA:373,1
DA:374,0
DA:375,0
DA:376,0
DA:377,0
DA:378,0
DA:379,1
DA:380,0
DA:381,0
DA:382,0
DA:383,0
DA:384,0
DA:385,1
DA:386,0
DA:387,0
DA:388,0
DA:389,0
DA:390,0
DA:391,1
DA:392,0
DA:393,1
DA:394,1
LF:394
LH:332
BRDA:14,0,0,87
BRDA:18,1,0,112
BRDA:21,2,0,90
BRDA:22,3,0,41
BRDA:23,4,0,49
BRDA:23,5,0,143
BRDA:23,6,0,0
BRDA:26,7,0,21
BRDA:30,8,0,15
BRDA:31,9,0,0
BRDA:34,10,0,11
BRDA:36,11,0,18
BRDA:37,12,0,15
BRDA:39,13,0,3
BRDA:46,14,0,5
BRDA:50,15,0,9
BRDA:51,16,0,6
BRDA:53,17,0,3
BRDA:54,18,0,0
BRDA:58,19,0,0
BRDA:66,20,0,10
BRDA:69,21,0,8
BRDA:69,22,0,4
BRDA:70,23,0,6
BRDA:74,24,0,0
BRDA:75,25,0,6
BRDA:68,26,0,6
BRDA:82,27,0,5
BRDA:92,28,0,0
BRDA:93,29,0,3
BRDA:94,30,0,2
BRDA:94,31,0,0
BRDA:97,32,0,3
BRDA:99,33,0,3
BRDA:91,34,0,7
BRDA:108,35,0,5
BRDA:112,36,0,2
BRDA:118,37,0,3
BRDA:119,38,0,1
BRDA:122,39,0,3
BRDA:122,40,0,2
BRDA:123,41,0,3
BRDA:123,42,0,0
BRDA:123,43,0,2
BRDA:127,44,0,0
BRDA:133,45,0,1
BRDA:133,46,0,0
BRDA:133,47,0,0
BRDA:139,48,0,1
BRDA:143,49,0,0
BRDA:151,50,0,0
BRDA:155,51,0,3
BRDA:159,52,0,0
BRDA:113,53,0,9
BRDA:114,54,0,9
BRDA:119,55,0,8
BRDA:119,56,0,3
BRDA:120,57,0,9
BRDA:120,58,0,7
BRDA:166,59,0,5
BRDA:171,60,0,3
BRDA:171,61,0,1
BRDA:171,62,0,2
BRDA:176,63,0,3
BRDA:181,64,0,1
BRDA:184,65,0,3
BRDA:185,66,0,0
BRDA:188,67,0,3
BRDA:189,68,0,1
BRDA:189,69,0,3
BRDA:189,70,0,2
BRDA:193,71,0,0
BRDA:196,72,0,3
BRDA:200,73,0,10
BRDA:207,74,0,5
BRDA:211,75,0,3
BRDA:214,76,0,4
BRDA:217,77,0,0
BRDA:222,78,0,5
BRDA:223,79,0,4
BRDA:223,80,0,3
BRDA:228,81,0,0
BRDA:233,82,0,5
BRDA:233,83,0,5
BRDA:236,84,0,5
BRDA:251,85,0,0
BRDA:257,86,0,3
BRDA:261,87,0,3
BRDA:265,88,0,3
BRDA:272,89,0,5
BRDA:277,90,0,2
BRDA:287,91,0,2
BRDA:288,92,0,3
BRDA:300,93,0,3
BRDA:300,94,0,1
BRDA:300,95,0,2
BRDA:312,96,0,2
BRDA:312,97,0,3
BRDA:312,98,0,1
BRDA:318,99,0,0
BRDA:335,100,0,30
BRDA:339,101,0,1
BRDA:340,102,0,0
BRDA:347,103,0,0
BRDA:352,104,0,0
BRDA:358,105,0,0
BRDA:370,106,0,0
BRDA:373,107,0,0
BRDA:379,108,0,0
BRDA:385,109,0,0
BRDA:391,110,0,0
BRF:111
BRH:82
end_of_record
TN:
SF:lib\examReadinessEngine.js
FN:1,calculateExamReadiness
FN:7,average
FNF:2
FNH:2
FNDA:10,calculateExamReadiness
FNDA:42,average
DA:1,1
DA:2,10
DA:3,3
DA:4,3
DA:5,7
DA:6,7
DA:7,7
DA:8,7
DA:9,7
DA:10,7
DA:11,7
DA:12,7
DA:13,7
DA:14,7
DA:15,7
DA:16,7
DA:17,7
DA:18,7
DA:19,7
DA:20,7
DA:21,7
DA:22,7
DA:23,7
DA:24,7
DA:25,7
DA:26,7
DA:27,7
DA:28,7
LF:28
LH:28
BRDA:1,0,0,10
BRDA:2,1,0,8
BRDA:2,2,0,3
BRDA:4,3,0,7
BRDA:7,4,0,42
BRDA:8,5,0,174
BRDA:8,6,0,30
BRF:7
BRH:7
end_of_record
TN:
SF:lib\journalFallback.js
FN:21,analyzeJournalFallback
FNF:1
FNH:1
FNDA:4,analyzeJournalFallback
DA:1,1
DA:2,1
DA:3,1
DA:4,1
DA:5,1
DA:6,1
DA:7,1
DA:8,1
DA:9,1
DA:10,1
DA:11,1
DA:12,1
DA:13,1
DA:14,1
DA:15,1
DA:16,1
DA:17,1
DA:18,1
DA:19,1
DA:20,1
DA:21,1
DA:22,4
DA:23,4
DA:24,4
DA:25,4
DA:26,4
DA:27,4
DA:28,16
DA:29,2
DA:30,2
DA:31,2
DA:32,16
DA:33,4
DA:34,4
DA:35,1
DA:36,1
DA:37,4
DA:38,4
DA:39,1
DA:40,1
DA:41,4
DA:42,4
DA:43,4
DA:44,4
DA:45,2
DA:46,2
DA:47,2
DA:48,2
DA:49,2
DA:50,4
DA:51,4
DA:52,4
DA:53,4
DA:54,4
DA:55,4
DA:56,4
DA:57,4
DA:58,4
DA:59,1
DA:60,1
DA:61,1
DA:62,4
DA:63,3
DA:64,3
DA:65,4
DA:66,4
DA:67,4
LF:67
LH:67
BRDA:21,0,0,4
BRDA:27,1,0,16
BRDA:28,2,0,2
BRDA:34,3,0,1
BRDA:38,4,0,1
BRDA:43,5,0,2
BRDA:44,6,0,2
BRDA:45,7,0,0
BRDA:47,8,0,0
BRDA:49,9,0,0
BRDA:56,10,0,1
BRDA:56,11,0,3
BRDA:56,12,0,1
BRDA:56,13,0,2
BRDA:58,14,0,1
BRDA:62,15,0,3
BRDA:23,16,0,23
BRDA:28,17,0,84
BRF:18
BRH:15
end_of_record
TN:
SF:lib\moodForecastEngine.js
FN:1,forecastMood
FN:24,avg
FN:35,predictValue
FN:40,labelMood
FNF:4
FNH:4
FNDA:10,forecastMood
FNDA:48,avg
FNDA:18,predictValue
FNDA:18,labelMood
DA:1,1
DA:2,10
DA:3,4
DA:4,4
DA:5,4
DA:6,4
DA:7,4
DA:8,4
DA:9,4
DA:10,4
DA:11,4
DA:12,4
DA:13,4
DA:14,4
DA:15,4
DA:16,4
DA:17,4
DA:18,4
DA:19,4
DA:20,4
DA:21,6
DA:22,6
DA:23,6
DA:24,6
DA:25,6
DA:26,10
DA:27,10
DA:28,10
DA:29,10
DA:30,10
DA:31,10
DA:32,10
DA:33,10
DA:34,10
DA:35,10
DA:36,18
DA:37,18
DA:38,10
DA:39,10
DA:40,10
DA:41,18
DA:42,18
DA:43,18
DA:44,15
DA:45,10
DA:46,10
DA:47,10
DA:48,10
DA:49,10
DA:50,10
DA:51,7
DA:52,7
DA:53,7
DA:54,10
DA:55,10
DA:56,6
DA:57,6
DA:58,6
DA:59,6
DA:60,6
DA:61,6
DA:62,6
DA:63,6
DA:64,6
DA:65,6
DA:66,6
DA:67,6
DA:68,6
DA:69,6
DA:70,6
DA:71,6
DA:72,6
DA:73,6
DA:74,6
LF:74
LH:74
BRDA:1,0,0,10
BRDA:2,1,0,8
BRDA:2,2,0,4
BRDA:20,3,0,6
BRDA:26,4,0,1
BRDA:50,5,0,0
BRDA:50,6,0,7
BRDA:50,7,0,6
BRDA:51,8,0,5
BRDA:51,9,0,6
BRDA:52,10,0,4
BRDA:52,11,0,6
BRDA:53,12,0,5
BRDA:53,13,0,6
BRDA:54,14,0,1
BRDA:54,15,0,6
BRDA:55,16,0,0
BRDA:55,17,0,6
BRDA:22,18,0,11
BRDA:24,19,0,48
BRDA:24,20,0,136
BRDA:24,21,0,0
BRDA:35,22,0,18
BRDA:36,23,0,6
BRDA:36,24,0,12
BRDA:36,25,0,6
BRDA:36,26,0,6
BRDA:40,27,0,18
BRDA:41,28,0,15
BRDA:41,29,0,3
BRDA:42,30,0,0
BRDA:42,31,0,15
BRDA:43,32,0,0
BRDA:43,33,0,15
BRF:34
BRH:29
end_of_record
TN:
SF:lib\panicEngine.js
FN:3,buildPanicPlan
FNF:1
FNH:1
FNDA:2,buildPanicPlan
DA:1,1
DA:2,1
DA:3,1
DA:4,2
DA:5,2
DA:6,2
DA:7,2
DA:8,2
DA:9,2
DA:10,2
DA:11,2
DA:12,2
DA:13,2
DA:14,2
DA:15,2
DA:16,2
DA:17,2
DA:18,2
DA:19,2
DA:20,2
DA:21,2
DA:22,2
DA:23,2
DA:24,2
DA:25,2
DA:26,2
DA:27,2
DA:28,2
DA:29,2
DA:30,2
DA:31,2
DA:32,2
DA:33,2
DA:34,2
DA:35,2
LF:35
LH:35
BRDA:3,0,0,2
BRDA:11,1,0,1
BRDA:11,2,0,1
BRDA:19,3,0,1
BRDA:20,4,0,1
BRDA:5,5,0,1
BRF:6
BRH:6
end_of_record
TN:
SF:lib\recoveryPlanEngine.js
FN:1,generateRecoveryPlan
FNF:1
FNH:1
FNDA:4,generateRecoveryPlan
DA:1,1
DA:2,4
DA:3,4
DA:4,4
DA:5,4
DA:6,4
DA:7,4
DA:8,4
DA:9,4
DA:10,4
DA:11,2
DA:12,2
DA:13,2
DA:14,4
DA:15,4
DA:16,1
DA:17,1
DA:18,4
DA:19,4
DA:20,2
DA:21,2
DA:22,4
DA:23,4
DA:24,2
DA:25,2
DA:26,4
DA:27,4
DA:28,2
DA:29,2
DA:30,4
DA:31,4
DA:32,2
DA:33,2
DA:34,4
DA:35,4
DA:36,1
DA:37,1
DA:38,1
DA:39,4
DA:40,4
DA:41,4
LF:41
LH:41
BRDA:1,0,0,4
BRDA:2,1,0,0
BRDA:3,2,0,3
BRDA:3,3,0,1
BRDA:4,4,0,3
BRDA:4,5,0,1
BRDA:5,6,0,3
BRDA:5,7,0,1
BRDA:6,8,0,3
BRDA:6,9,0,1
BRDA:10,10,0,2
BRDA:15,11,0,1
BRDA:19,12,0,2
BRDA:23,13,0,2
BRDA:27,14,0,2
BRDA:31,15,0,2
BRDA:31,16,0,2
BRDA:35,17,0,1
BRF:18
BRH:17
end_of_record
TN:
SF:lib\sanitize.js
FN:1,sanitizeText
FN:5,safePromptString
FNF:2
FNH:1
FNDA:6,sanitizeText
FNDA:0,safePromptString
DA:1,1
DA:2,6
DA:3,6
DA:4,1
DA:5,1
DA:6,0
DA:7,0
LF:7
LH:5
BRDA:1,0,0,6
BRDA:2,1,0,0
BRF:2
BRH:1
end_of_record
TN:
SF:lib\storage.js
FN:18,createCheckIn
FN:33,readCollection
FN:47,writeCollection
FN:55,getCheckIns
FN:59,saveCheckIn
FN:66,getAnalyses
FN:70,saveAnalysis
FN:77,getLatestCheckIn
FN:81,clearMindPilotData
FNF:9
FNH:8
FNDA:1,createCheckIn
FNDA:9,readCollection
FNDA:5,writeCollection
FNDA:6,getCheckIns
FNDA:3,saveCheckIn
FNDA:3,getAnalyses
FNDA:2,saveAnalysis
FNDA:0,getLatestCheckIn
FNDA:1,clearMindPilotData
DA:1,1
DA:2,1
DA:3,1
DA:4,1
DA:5,1
DA:6,1
DA:7,1
DA:8,1
DA:9,1
DA:10,1
DA:11,1
DA:12,1
DA:13,1
DA:14,1
DA:15,1
DA:16,1
DA:17,1
DA:18,1
DA:19,1
DA:20,1
DA:21,1
DA:22,1
DA:23,1
DA:24,1
DA:25,1
DA:26,1
DA:27,1
DA:28,1
DA:29,1
DA:30,1
DA:31,1
DA:32,1
DA:33,1
DA:34,9
DA:35,0
DA:36,0
DA:37,9
DA:38,9
DA:39,9
DA:40,9
DA:41,9
DA:42,9
DA:43,1
DA:44,1
DA:45,9
DA:46,1
DA:47,1
DA:48,5
DA:49,0
DA:50,0
DA:51,5
DA:52,5
DA:53,5
DA:54,1
DA:55,1
DA:56,6
DA:57,6
DA:58,1
DA:59,1
DA:60,3
DA:61,3
DA:62,3
DA:63,3
DA:64,3
DA:65,1
DA:66,1
DA:67,3
DA:68,3
DA:69,1
DA:70,1
DA:71,2
DA:72,2
DA:73,2
DA:74,2
DA:75,2
DA:76,1
DA:77,1
DA:78,0
DA:79,0
DA:80,1
DA:81,1
DA:82,1
DA:83,0
DA:84,0
DA:85,1
DA:86,1
DA:87,1
LF:87
LH:79
BRDA:18,0,0,1
BRDA:27,1,0,0
BRDA:33,2,0,9
BRDA:34,3,0,0
BRDA:40,4,0,2
BRDA:40,5,0,7
BRDA:41,6,0,8
BRDA:41,7,0,0
BRDA:42,8,0,1
BRDA:47,9,0,5
BRDA:48,10,0,0
BRDA:55,11,0,6
BRDA:59,12,0,3
BRDA:66,13,0,3
BRDA:70,14,0,2
BRDA:81,15,0,1
BRDA:82,16,0,0
BRDA:86,17,0,3
BRF:18
BRH:13
end_of_record
TN:
SF:tests\mockData.js
FNF:0
FNH:0
DA:1,1
DA:2,1
DA:3,1
DA:4,1
DA:5,1
DA:6,1
DA:7,1
DA:8,1
DA:9,1
DA:10,1
DA:11,1
DA:12,1
DA:13,1
DA:14,1
DA:15,1
DA:16,1
DA:17,1
DA:18,1
DA:19,1
DA:20,1
DA:21,1
DA:22,1
DA:23,1
DA:24,1
DA:25,1
DA:26,1
DA:27,1
DA:28,1
DA:29,1
DA:30,1
DA:31,1
DA:32,1
DA:33,1
DA:34,1
DA:35,1
DA:36,1
DA:37,1
DA:38,1
DA:39,1
DA:40,1
DA:41,1
DA:42,1
DA:43,1
DA:44,1
DA:45,1
DA:46,1
DA:47,1
DA:48,1
DA:49,1
DA:50,1
DA:51,1
DA:52,1
DA:53,1
DA:54,1
DA:55,1
DA:56,1
DA:57,1
DA:58,1
DA:59,1
DA:60,1
DA:61,1
DA:62,1
DA:63,1
DA:64,1
DA:65,1
DA:66,1
DA:67,1
DA:68,1
DA:69,1
DA:70,1
DA:71,1
DA:72,1
DA:73,1
DA:74,1
DA:75,1
LF:75
LH:75
BRF:0
BRH:0
end_of_record
TN:
SF:tests\test-utils.js
FNF:0
FNH:0
DA:1,1
DA:2,1
DA:3,1
DA:4,1
LF:4
LH:4
BRF:0
BRH:0
end_of_record
